<?xml version="1.0" encoding="UTF-8"?>
<!-- Generated by org.testng.reporters.JUnitXMLReporter -->
<testsuite ignored="0" hostname="ASUS" failures="0" tests="4" name="Default test" time="9.639" errors="0" timestamp="2023-01-07T15:30:48 IST">
  <testcase classname="bestdatadriven_examples.LoginPage" name="bothCorrect" time="3.141"/>
  <testcase classname="bestdatadriven_examples.LoginPage" name="bothCorrect" time="1.258"/>
  <testcase classname="bestdatadriven_examples.LoginPage" name="bothCorrect" time="1.391"/>
  <testcase classname="bestdatadriven_examples.LoginPage" name="bothCorrect" time="1.612"/>
</testsuite> <!-- Default test -->
