<?xml version="1.0" encoding="UTF-8"?>
<!-- Generated by org.testng.reporters.JUnitXMLReporter -->
<testsuite ignored="0" hostname="ASUS" failures="0" tests="4" name="BestWayDataDrivenTest" time="15.313" errors="0" timestamp="2023-01-07T12:36:14 IST">
  <testcase classname="bestdatadriven_examples.LoginPage" name="bothCorrect" time="5.461"/>
  <testcase classname="bestdatadriven_examples.LoginPage" name="bothCorrect" time="3.282"/>
  <testcase classname="bestdatadriven_examples.LoginPage" name="bothCorrect" time="2.903"/>
  <testcase classname="bestdatadriven_examples.LoginPage" name="bothCorrect" time="3.602"/>
</testsuite> <!-- BestWayDataDrivenTest -->
