<?xml version="1.0" encoding="UTF-8"?>
<testng-results ignored="0" total="4" passed="4" failed="0" skipped="0">
  <reporter-output>
  </reporter-output>
  <suite started-at="2023-01-07T15:30:39 IST" name="Default suite" finished-at="2023-01-07T15:30:48 IST" duration-ms="9639">
    <groups>
    </groups>
    <test started-at="2023-01-07T15:30:39 IST" name="Default test" finished-at="2023-01-07T15:30:48 IST" duration-ms="9639">
      <class name="bestdatadriven_examples.LoginPage">
        <test-method is-config="true" signature="beforetest()[pri:0, instance:bestdatadriven_examples.LoginPage@17497425]" started-at="2023-01-07T15:30:39 IST" name="beforetest" finished-at="2023-01-07T15:30:40 IST" duration-ms="1780" status="PASS">
          <reporter-output>
          </reporter-output>
        </test-method> <!-- beforetest -->
        <test-method signature="bothCorrect(java.lang.String,java.lang.String)[pri:0, instance:bestdatadriven_examples.LoginPage@17497425]" started-at="2023-01-07T15:30:41 IST" name="bothCorrect" data-provider="logindata" finished-at="2023-01-07T15:30:44 IST" duration-ms="3141" status="PASS">
          <params>
            <param index="0">
              <value>
                <![CDATA[vengi]]>
              </value>
            </param>
            <param index="1">
              <value>
                <![CDATA[1233]]>
              </value>
            </param>
          </params>
          <reporter-output>
          </reporter-output>
        </test-method> <!-- bothCorrect -->
        <test-method signature="bothCorrect(java.lang.String,java.lang.String)[pri:0, instance:bestdatadriven_examples.LoginPage@17497425]" started-at="2023-01-07T15:30:44 IST" name="bothCorrect" data-provider="logindata" finished-at="2023-01-07T15:30:45 IST" duration-ms="1258" status="PASS">
          <params>
            <param index="0">
              <value>
                <![CDATA[vengatesh]]>
              </value>
            </param>
            <param index="1">
              <value>
                <![CDATA[2541]]>
              </value>
            </param>
          </params>
          <reporter-output>
          </reporter-output>
        </test-method> <!-- bothCorrect -->
        <test-method signature="bothCorrect(java.lang.String,java.lang.String)[pri:0, instance:bestdatadriven_examples.LoginPage@17497425]" started-at="2023-01-07T15:30:45 IST" name="bothCorrect" data-provider="logindata" finished-at="2023-01-07T15:30:46 IST" duration-ms="1391" status="PASS">
          <params>
            <param index="0">
              <value>
                <![CDATA[vengi]]>
              </value>
            </param>
            <param index="1">
              <value>
                <![CDATA[221255]]>
              </value>
            </param>
          </params>
          <reporter-output>
          </reporter-output>
        </test-method> <!-- bothCorrect -->
        <test-method signature="bothCorrect(java.lang.String,java.lang.String)[pri:0, instance:bestdatadriven_examples.LoginPage@17497425]" started-at="2023-01-07T15:30:46 IST" name="bothCorrect" data-provider="logindata" finished-at="2023-01-07T15:30:48 IST" duration-ms="1612" status="PASS">
          <params>
            <param index="0">
              <value>
                <![CDATA[vengi]]>
              </value>
            </param>
            <param index="1">
              <value>
                <![CDATA[2555544]]>
              </value>
            </param>
          </params>
          <reporter-output>
          </reporter-output>
        </test-method> <!-- bothCorrect -->
        <test-method is-config="true" signature="afterTest()[pri:0, instance:bestdatadriven_examples.LoginPage@17497425]" started-at="2023-01-07T15:30:48 IST" name="afterTest" finished-at="2023-01-07T15:30:48 IST" duration-ms="323" status="PASS">
          <reporter-output>
          </reporter-output>
        </test-method> <!-- afterTest -->
      </class> <!-- bestdatadriven_examples.LoginPage -->
    </test> <!-- Default test -->
  </suite> <!-- Default suite -->
</testng-results>
